Arguments: 
  /usr/bin/node /usr/share/yarn/bin/yarn.js install

PATH: 
  /home/danieljuniorce/.zplugin/polaris/bin:/usr/local/sbin:/usr/local/bin:/usr/sbin:/usr/bin:/sbin:/bin:/usr/games:/usr/local/games:/snap/bin:/home/danieljuniorce/Android/Sdk/tools:/home/danieljuniorce/Android/Sdk/platform-tools:/home/danieljuniorce/Android/Sdk/tools:/home/danieljuniorce/Android/Sdk/platform-tools

Yarn version: 
  1.21.1

Node version: 
  13.6.0

Platform: 
  linux x64

Trace: 
  Error: EACCES: permission denied, unlink '/home/danieljuniorce/Dev/omnistack10/mobile/node_modules/axios/CHANGELOG.md'

npm manifest: 
  {
    "main": "node_modules/expo/AppEntry.js",
    "scripts": {
      "start": "expo start",
      "android": "expo start --android",
      "ios": "expo start --ios",
      "web": "expo start --web",
      "eject": "expo eject"
    },
    "dependencies": {
      "@react-native-community/masked-view": "0.1.5",
      "axios": "^0.19.1",
      "expo": "~36.0.0",
      "expo-location": "~8.0.0",
      "react": "~16.9.0",
      "react-dom": "~16.9.0",
      "react-native": "https://github.com/expo/react-native/archive/sdk-36.0.0.tar.gz",
      "react-native-gesture-handler": "~1.5.0",
      "react-native-maps": "0.26.1",
      "react-native-reanimated": "~1.4.0",
      "react-native-safe-area-context": "0.6.0",
      "react-native-screens": "2.0.0-alpha.12",
      "react-native-web": "~0.11.7",
      "react-native-webview": "7.4.3",
      "react-navigation": "^4.0.10",
      "react-navigation-stack": "^2.0.15"
    },
    "devDependencies": {
      "@babel/core": "^7.0.0",
      "babel-preset-expo": "~8.0.0"
    },
    "private": true
  }

yarn manifest: 
  No manifest

Lockfile: 
  No lockfile
